pdf417MobiSample/build/outputs/logs/manifest-merger-debug-report.txt
-- Merging decision tree log ---
manifest
ADDED from src/main/AndroidManifest.xml:2:1-38:12
INJECTED from src/main/AndroidManifest.xml:2:1-38:12
INJECTED from src/main/AndroidManifest.xml:2:1-38:12
INJECTED from src/main/AndroidManifest.xml:2:1-38:12
MERGED from [com.microblink:pdf417.mobi:7.0.0] AndroidManifest.xml:2:1-41:12
MERGED from [com.android.support:appcompat-v7:27.0.2] AndroidManifest.xml:17:1-22:12
MERGED from [com.android.support:support-fragment:27.0.2] AndroidManifest.xml:17:1-22:12
MERGED from [com.android.support:support-core-utils:27.0.2] AndroidManifest.xml:17:1-22:12
MERGED from [com.android.support:animated-vector-drawable:27.0.2] AndroidManifest.xml:17:1-22:12
MERGED from [com.android.support:support-vector-drawable:27.0.2] AndroidManifest.xml:17:1-22:12
MERGED from [com.android.support:support-core-ui:27.0.2] AndroidManifest.xml:17:1-22:12
MERGED from [com.android.support:support-compat:27.0.2] AndroidManifest.xml:17:1-22:12
MERGED from [android.arch.lifecycle:runtime:1.0.3] AndroidManifest.xml:17:1-24:12
INJECTED from src/main/AndroidManifest.xml:2:1-38:12
INJECTED from src/main/AndroidManifest.xml:2:1-38:12
INJECTED from src/main/AndroidManifest.xml:2:1-38:12
	package
		ADDED from src/main/AndroidManifest.xml:4:5-31
		INJECTED from src/main/AndroidManifest.xml
		INJECTED from src/main/AndroidManifest.xml
	android:versionName
		ADDED from src/main/AndroidManifest.xml:5:5-32
		INJECTED from src/main/AndroidManifest.xml
		INJECTED from src/main/AndroidManifest.xml
	xmlns:tools
		ADDED from src/main/AndroidManifest.xml:3:5-51
	android:versionCode
		INJECTED from src/main/AndroidManifest.xml
		ADDED from src/main/AndroidManifest.xml:2:1-38:12
		INJECTED from src/main/AndroidManifest.xml
	xmlns:android
		ADDED from src/main/AndroidManifest.xml:2:11-69
uses-permission#android.permission.CAMERA
ADDED from src/main/AndroidManifest.xml:7:5-65
MERGED from [com.microblink:pdf417.mobi:7.0.0] AndroidManifest.xml:19:5-65
MERGED from [com.microblink:pdf417.mobi:7.0.0] AndroidManifest.xml:19:5-65
	android:name
		ADDED from src/main/AndroidManifest.xml:7:22-62
uses-permission#android.permission.FLASHLIGHT
ADDED from src/main/AndroidManifest.xml:8:5-69
MERGED from [com.microblink:pdf417.mobi:7.0.0] AndroidManifest.xml:20:5-69
MERGED from [com.microblink:pdf417.mobi:7.0.0] AndroidManifest.xml:20:5-69
	android:name
		ADDED from src/main/AndroidManifest.xml:8:22-66
uses-permission#android.permission.ACCESS_WIFI_STATE
ADDED from src/main/AndroidManifest.xml:9:5-76
	android:name
		ADDED from src/main/AndroidManifest.xml:9:22-73
uses-permission#android.permission.INTERNET
ADDED from src/main/AndroidManifest.xml:10:5-67
	android:name
		ADDED from src/main/AndroidManifest.xml:10:22-64
uses-feature#android.hardware.camera
ADDED from src/main/AndroidManifest.xml:12:5-60
MERGED from [com.microblink:pdf417.mobi:7.0.0] AndroidManifest.xml:22:5-24:36
MERGED from [com.microblink:pdf417.mobi:7.0.0] AndroidManifest.xml:22:5-24:36
	android:name
		ADDED from src/main/AndroidManifest.xml:12:19-57
uses-feature#android.hardware.camera.autofocus
ADDED from src/main/AndroidManifest.xml:13:5-95
MERGED from [com.microblink:pdf417.mobi:7.0.0] AndroidManifest.xml:25:5-27:36
MERGED from [com.microblink:pdf417.mobi:7.0.0] AndroidManifest.xml:25:5-27:36
	android:required
		ADDED from src/main/AndroidManifest.xml:13:68-92
	android:name
		ADDED from src/main/AndroidManifest.xml:13:19-67
uses-feature#android.hardware.camera.flash
ADDED from src/main/AndroidManifest.xml:14:5-91
MERGED from [com.microblink:pdf417.mobi:7.0.0] AndroidManifest.xml:28:5-30:36
MERGED from [com.microblink:pdf417.mobi:7.0.0] AndroidManifest.xml:28:5-30:36
	android:required
		ADDED from src/main/AndroidManifest.xml:14:64-88
	android:name
		ADDED from src/main/AndroidManifest.xml:14:19-63
application
ADDED from src/main/AndroidManifest.xml:16:5-36:19
MERGED from [com.microblink:pdf417.mobi:7.0.0] AndroidManifest.xml:32:5-39:19
MERGED from [com.microblink:pdf417.mobi:7.0.0] AndroidManifest.xml:32:5-39:19
	android:label
		ADDED from src/main/AndroidManifest.xml:20:9-41
	tools:ignore
		ADDED from [com.microblink:pdf417.mobi:7.0.0] AndroidManifest.xml:34:9-39
	android:largeHeap
		ADDED from [com.microblink:pdf417.mobi:7.0.0] AndroidManifest.xml:33:9-33
	android:icon
		ADDED from src/main/AndroidManifest.xml:19:9-45
	android:allowBackup
		ADDED from src/main/AndroidManifest.xml:18:9-35
	android:name
		ADDED from src/main/AndroidManifest.xml:17:9-42
activity#mobi.pdf417.demo.Pdf417MobiDemoActivity
ADDED from src/main/AndroidManifest.xml:21:9-29:20
	android:screenOrientation
		ADDED from src/main/AndroidManifest.xml:23:13-49
	android:label
		ADDED from src/main/AndroidManifest.xml:24:13-45
	android:name
		ADDED from src/main/AndroidManifest.xml:22:13-51
intent-filter#android.intent.action.MAIN+android.intent.category.LAUNCHER
ADDED from src/main/AndroidManifest.xml:25:13-28:29
action#android.intent.action.MAIN
ADDED from src/main/AndroidManifest.xml:26:17-69
	android:name
		ADDED from src/main/AndroidManifest.xml:26:25-66
category#android.intent.category.LAUNCHER
ADDED from src/main/AndroidManifest.xml:27:17-77
	android:name
		ADDED from src/main/AndroidManifest.xml:27:27-74
activity#com.microblink.activity.BarcodeScanActivity
ADDED from src/main/AndroidManifest.xml:30:9-35:20
MERGED from [com.microblink:pdf417.mobi:7.0.0] AndroidManifest.xml:35:9-38:20
MERGED from [com.microblink:pdf417.mobi:7.0.0] AndroidManifest.xml:35:9-38:20
	android:screenOrientation
		ADDED from src/main/AndroidManifest.xml:34:13-49
	android:theme
		ADDED from src/main/AndroidManifest.xml:33:13-77
	tools:replace
		ADDED from src/main/AndroidManifest.xml:32:13-42
	android:name
		ADDED from src/main/AndroidManifest.xml:31:13-71
uses-sdk
INJECTED from src/main/AndroidManifest.xml reason: use-sdk injection requested
INJECTED from src/main/AndroidManifest.xml
INJECTED from src/main/AndroidManifest.xml
MERGED from [com.microblink:pdf417.mobi:7.0.0] AndroidManifest.xml:8:5-10:41
MERGED from [com.microblink:pdf417.mobi:7.0.0] AndroidManifest.xml:8:5-10:41
MERGED from [com.android.support:appcompat-v7:27.0.2] AndroidManifest.xml:20:5-44
MERGED from [com.android.support:appcompat-v7:27.0.2] AndroidManifest.xml:20:5-44
MERGED from [com.android.support:support-fragment:27.0.2] AndroidManifest.xml:20:5-44
MERGED from [com.android.support:support-fragment:27.0.2] AndroidManifest.xml:20:5-44
MERGED from [com.android.support:support-core-utils:27.0.2] AndroidManifest.xml:20:5-44
MERGED from [com.android.support:support-core-utils:27.0.2] AndroidManifest.xml:20:5-44
MERGED from [com.android.support:animated-vector-drawable:27.0.2] AndroidManifest.xml:20:5-44
MERGED from [com.android.support:animated-vector-drawable:27.0.2] AndroidManifest.xml:20:5-44
MERGED from [com.android.support:support-vector-drawable:27.0.2] AndroidManifest.xml:20:5-44
MERGED from [com.android.support:support-vector-drawable:27.0.2] AndroidManifest.xml:20:5-44
MERGED from [com.android.support:support-core-ui:27.0.2] AndroidManifest.xml:20:5-44
MERGED from [com.android.support:support-core-ui:27.0.2] AndroidManifest.xml:20:5-44
MERGED from [com.android.support:support-compat:27.0.2] AndroidManifest.xml:20:5-44
MERGED from [com.android.support:support-compat:27.0.2] AndroidManifest.xml:20:5-44
MERGED from [android.arch.lifecycle:runtime:1.0.3] AndroidManifest.xml:20:5-22:41
MERGED from [android.arch.lifecycle:runtime:1.0.3] AndroidManifest.xml:20:5-22:41
INJECTED from src/main/AndroidManifest.xml
INJECTED from src/main/AndroidManifest.xml
	android:targetSdkVersion
		INJECTED from src/main/AndroidManifest.xml
		ADDED from src/main/AndroidManifest.xml
		INJECTED from src/main/AndroidManifest.xml
	android:minSdkVersion
		INJECTED from src/main/AndroidManifest.xml
		ADDED from src/main/AndroidManifest.xml
		INJECTED from src/main/AndroidManifest.xml
supports-screens
ADDED from [com.microblink:pdf417.mobi:7.0.0] AndroidManifest.xml:12:5-17:39
	android:largeScreens
		ADDED from [com.microblink:pdf417.mobi:7.0.0] AndroidManifest.xml:14:9-36
	android:smallScreens
		ADDED from [com.microblink:pdf417.mobi:7.0.0] AndroidManifest.xml:17:9-36
	android:normalScreens
		ADDED from [com.microblink:pdf417.mobi:7.0.0] AndroidManifest.xml:15:9-37
	android:resizeable
		ADDED from [com.microblink:pdf417.mobi:7.0.0] AndroidManifest.xml:16:9-34
	android:anyDensity
		ADDED from [com.microblink:pdf417.mobi:7.0.0] AndroidManifest.xml:13:9-34